<?xml version="1.0" encoding="UTF-8"?>
<!-- Generated by org.testng.reporters.JUnitReportReporter -->
<testsuite skipped="0" hostname="578-pc" name="com.source.code.httpclient.MyHttpClient" tests="1" failures="0" timestamp="28 十一月 2018 12:31:38 GMT" time="0.696" errors="0">
  <testcase name="test1" time="0.696" classname="com.source.code.httpclient.MyHttpClient"/>
</testsuite> <!-- com.source.code.httpclient.MyHttpClient -->
